[04/08 16:46:27 root INFO]: Logger(None) initialized.
[04/08 16:46:31 root INFO]: Model created
[04/08 16:46:31 root INFO]: Index of train set created, 9988 samples in total.
[04/08 16:46:31 root INFO]: datasets are loaded
[04/08 16:46:31 root INFO]: config is copied
[04/08 16:46:31 root INFO]: Optimizer and scheduler are set up
[04/08 16:48:35 root INFO]: Logger(None) initialized.
[04/08 16:48:38 root INFO]: Model created
[04/08 16:48:39 root INFO]: Index of train set created, 9988 samples in total.
[04/08 16:48:39 root INFO]: datasets are loaded
[04/08 16:48:39 root INFO]: config is copied
[04/08 16:48:39 root INFO]: Optimizer and scheduler are set up
[04/08 16:49:37 root INFO]: Logger(None) initialized.
[04/08 16:49:40 root INFO]: Model created
[04/08 16:49:40 root INFO]: Index of train set created, 9988 samples in total.
[04/08 16:49:40 root INFO]: datasets are loaded
[04/08 16:49:40 root INFO]: config is copied
[04/08 16:49:40 root INFO]: Optimizer and scheduler are set up
[04/08 17:24:00 root INFO]: Logger(None) initialized.
[04/08 17:24:03 root INFO]: Model created
[04/08 17:24:03 root INFO]: Index of train set created, 9988 samples in total.
[04/08 17:24:03 root INFO]: datasets are loaded
[04/08 17:24:03 root INFO]: config is copied
[04/08 17:24:03 root INFO]: Optimizer and scheduler are set up
[04/08 17:25:44 root INFO]: Logger(None) initialized.
[04/08 17:25:47 root INFO]: Model created
[04/08 17:25:47 root INFO]: Index of train set created, 9988 samples in total.
[04/08 17:25:47 root INFO]: datasets are loaded
[04/08 17:25:47 root INFO]: config is copied
[04/08 17:25:47 root INFO]: Optimizer and scheduler are set up
[04/08 17:26:07 root INFO]: Logger(None) initialized.
[04/08 17:26:10 root INFO]: Model created
[04/08 17:26:10 root INFO]: Index of train set created, 9988 samples in total.
[04/08 17:26:10 root INFO]: datasets are loaded
[04/08 17:26:10 root INFO]: config is copied
[04/08 17:26:10 root INFO]: Optimizer and scheduler are set up
[04/08 17:28:43 root INFO]: Logger(None) initialized.
[04/08 17:28:46 root INFO]: Model created
[04/08 17:28:46 root INFO]: Index of train set created, 9988 samples in total.
[04/08 17:28:46 root INFO]: datasets are loaded
[04/08 17:28:46 root INFO]: config is copied
[04/08 17:28:46 root INFO]: Optimizer and scheduler are set up
[04/08 17:29:12 root INFO]: Logger(None) initialized.
[04/08 17:29:15 root INFO]: Model created
[04/08 17:29:15 root INFO]: Index of train set created, 9988 samples in total.
[04/08 17:29:15 root INFO]: datasets are loaded
[04/08 17:29:15 root INFO]: config is copied
[04/08 17:29:15 root INFO]: Optimizer and scheduler are set up
[04/08 17:29:42 root INFO]: Logger(None) initialized.
[04/08 17:29:46 root INFO]: Model created
[04/08 17:29:46 root INFO]: Index of train set created, 9988 samples in total.
[04/08 17:29:46 root INFO]: datasets are loaded
[04/08 17:29:46 root INFO]: config is copied
[04/08 17:29:46 root INFO]: Optimizer and scheduler are set up
[04/08 17:33:47 root INFO]: Logger(None) initialized.
[04/08 17:33:50 root INFO]: Model created
[04/08 17:33:50 root INFO]: Index of train set created, 9988 samples in total.
[04/08 17:33:50 root INFO]: datasets are loaded
[04/08 17:33:50 root INFO]: config is copied
[04/08 17:33:50 root INFO]: Optimizer and scheduler are set up
[04/08 20:27:04 root INFO]: Logger(None) initialized.
[04/08 20:27:07 root INFO]: Model created
[04/08 20:27:07 root INFO]: Index of train set created, 9988 samples in total.
[04/08 20:27:07 root INFO]: datasets are loaded
[04/08 20:27:07 root INFO]: config is copied
[04/08 20:27:07 root INFO]: Optimizer and scheduler are set up
[04/08 20:27:11 wandb.sdk.lib.retry INFO]: Retry attempt failed:
Traceback (most recent call last):
  File "/home/dazzy/.conda/envs/CLIP/lib/python3.12/site-packages/urllib3/connectionpool.py", line 466, in _make_request
    self._validate_conn(conn)
  File "/home/dazzy/.conda/envs/CLIP/lib/python3.12/site-packages/urllib3/connectionpool.py", line 1095, in _validate_conn
    conn.connect()
  File "/home/dazzy/.conda/envs/CLIP/lib/python3.12/site-packages/urllib3/connection.py", line 730, in connect
    sock_and_verified = _ssl_wrap_socket_and_match_hostname(
                        ^^^^^^^^^^^^^^^^^^^^^^^^^^^^^^^^^^^^
  File "/home/dazzy/.conda/envs/CLIP/lib/python3.12/site-packages/urllib3/connection.py", line 909, in _ssl_wrap_socket_and_match_hostname
    ssl_sock = ssl_wrap_socket(
               ^^^^^^^^^^^^^^^^
  File "/home/dazzy/.conda/envs/CLIP/lib/python3.12/site-packages/urllib3/util/ssl_.py", line 469, in ssl_wrap_socket
    ssl_sock = _ssl_wrap_socket_impl(sock, context, tls_in_tls, server_hostname)
               ^^^^^^^^^^^^^^^^^^^^^^^^^^^^^^^^^^^^^^^^^^^^^^^^^^^^^^^^^^^^^^^^^
  File "/home/dazzy/.conda/envs/CLIP/lib/python3.12/site-packages/urllib3/util/ssl_.py", line 513, in _ssl_wrap_socket_impl
    return ssl_context.wrap_socket(sock, server_hostname=server_hostname)
           ^^^^^^^^^^^^^^^^^^^^^^^^^^^^^^^^^^^^^^^^^^^^^^^^^^^^^^^^^^^^^^
  File "/home/dazzy/.conda/envs/CLIP/lib/python3.12/ssl.py", line 455, in wrap_socket
    return self.sslsocket_class._create(
           ^^^^^^^^^^^^^^^^^^^^^^^^^^^^^
  File "/home/dazzy/.conda/envs/CLIP/lib/python3.12/ssl.py", line 1042, in _create
    self.do_handshake()
  File "/home/dazzy/.conda/envs/CLIP/lib/python3.12/ssl.py", line 1320, in do_handshake
    self._sslobj.do_handshake()
ssl.SSLError: [SSL: SSLV3_ALERT_HANDSHAKE_FAILURE] ssl/tls alert handshake failure (_ssl.c:1000)

During handling of the above exception, another exception occurred:

Traceback (most recent call last):
  File "/home/dazzy/.conda/envs/CLIP/lib/python3.12/site-packages/urllib3/connectionpool.py", line 789, in urlopen
    response = self._make_request(
               ^^^^^^^^^^^^^^^^^^^
  File "/home/dazzy/.conda/envs/CLIP/lib/python3.12/site-packages/urllib3/connectionpool.py", line 490, in _make_request
    raise new_e
urllib3.exceptions.SSLError: [SSL: SSLV3_ALERT_HANDSHAKE_FAILURE] ssl/tls alert handshake failure (_ssl.c:1000)

The above exception was the direct cause of the following exception:

Traceback (most recent call last):
  File "/home/dazzy/.conda/envs/CLIP/lib/python3.12/site-packages/requests/adapters.py", line 667, in send
    resp = conn.urlopen(
           ^^^^^^^^^^^^^
  File "/home/dazzy/.conda/envs/CLIP/lib/python3.12/site-packages/urllib3/connectionpool.py", line 843, in urlopen
    retries = retries.increment(
              ^^^^^^^^^^^^^^^^^^
  File "/home/dazzy/.conda/envs/CLIP/lib/python3.12/site-packages/urllib3/util/retry.py", line 519, in increment
    raise MaxRetryError(_pool, url, reason) from reason  # type: ignore[arg-type]
    ^^^^^^^^^^^^^^^^^^^^^^^^^^^^^^^^^^^^^^^^^^^^^^^^^^^
urllib3.exceptions.MaxRetryError: HTTPSConnectionPool(host='api.wandb.ai', port=443): Max retries exceeded with url: /graphql (Caused by SSLError(SSLError(1, '[SSL: SSLV3_ALERT_HANDSHAKE_FAILURE] ssl/tls alert handshake failure (_ssl.c:1000)')))

During handling of the above exception, another exception occurred:

Traceback (most recent call last):
  File "/home/dazzy/.conda/envs/CLIP/lib/python3.12/site-packages/wandb/sdk/lib/retry.py", line 131, in __call__
    result = self._call_fn(*args, **kwargs)
             ^^^^^^^^^^^^^^^^^^^^^^^^^^^^^^
  File "/home/dazzy/.conda/envs/CLIP/lib/python3.12/site-packages/wandb/sdk/internal/internal_api.py", line 400, in execute
    return self.client.execute(*args, **kwargs)  # type: ignore
           ^^^^^^^^^^^^^^^^^^^^^^^^^^^^^^^^^^^^
  File "/home/dazzy/.conda/envs/CLIP/lib/python3.12/site-packages/wandb/vendor/gql-0.2.0/wandb_gql/client.py", line 52, in execute
    result = self._get_result(document, *args, **kwargs)
             ^^^^^^^^^^^^^^^^^^^^^^^^^^^^^^^^^^^^^^^^^^^
  File "/home/dazzy/.conda/envs/CLIP/lib/python3.12/site-packages/wandb/vendor/gql-0.2.0/wandb_gql/client.py", line 60, in _get_result
    return self.transport.execute(document, *args, **kwargs)
           ^^^^^^^^^^^^^^^^^^^^^^^^^^^^^^^^^^^^^^^^^^^^^^^^^
  File "/home/dazzy/.conda/envs/CLIP/lib/python3.12/site-packages/wandb/sdk/lib/gql_request.py", line 58, in execute
    request = self.session.post(self.url, **post_args)
              ^^^^^^^^^^^^^^^^^^^^^^^^^^^^^^^^^^^^^^^^
  File "/home/dazzy/.conda/envs/CLIP/lib/python3.12/site-packages/requests/sessions.py", line 637, in post
    return self.request("POST", url, data=data, json=json, **kwargs)
           ^^^^^^^^^^^^^^^^^^^^^^^^^^^^^^^^^^^^^^^^^^^^^^^^^^^^^^^^^
  File "/home/dazzy/.conda/envs/CLIP/lib/python3.12/site-packages/requests/sessions.py", line 589, in request
    resp = self.send(prep, **send_kwargs)
           ^^^^^^^^^^^^^^^^^^^^^^^^^^^^^^
  File "/home/dazzy/.conda/envs/CLIP/lib/python3.12/site-packages/requests/sessions.py", line 703, in send
    r = adapter.send(request, **kwargs)
        ^^^^^^^^^^^^^^^^^^^^^^^^^^^^^^^
  File "/home/dazzy/.conda/envs/CLIP/lib/python3.12/site-packages/requests/adapters.py", line 698, in send
    raise SSLError(e, request=request)
requests.exceptions.SSLError: HTTPSConnectionPool(host='api.wandb.ai', port=443): Max retries exceeded with url: /graphql (Caused by SSLError(SSLError(1, '[SSL: SSLV3_ALERT_HANDSHAKE_FAILURE] ssl/tls alert handshake failure (_ssl.c:1000)')))
[04/08 20:28:13 root INFO]: Logger(None) initialized.
[04/08 20:28:16 root INFO]: Model created
[04/08 20:28:16 root INFO]: Index of train set created, 9988 samples in total.
[04/08 20:28:16 root INFO]: datasets are loaded
[04/08 20:28:16 root INFO]: config is copied
[04/08 20:28:16 root INFO]: Optimizer and scheduler are set up
[04/09 17:43:24 root INFO]: Logger(None) initialized.
[04/09 17:43:27 root INFO]: Model created
[04/09 17:43:27 root INFO]: Index of train set created, 9988 samples in total.
[04/09 17:43:27 root INFO]: datasets are loaded
[04/09 17:43:27 root INFO]: config is copied
[04/09 17:43:27 root INFO]: Optimizer and scheduler are set up
[04/29 22:29:28 root INFO]: Logger(None) initialized.
[04/29 22:29:31 root INFO]: Model created
[04/29 22:29:31 root INFO]: datasets are loaded
[04/29 22:29:31 root INFO]: config is copied
[04/29 22:29:31 root INFO]: Optimizer and scheduler are set up
[04/29 22:29:34 root INFO]: [0]-[caer]-[0]: 4.294268608093262
[04/29 22:29:35 root INFO]: [0]-[caer]-[1]: 4.047110557556152
[04/29 22:29:36 root INFO]: [0]-[caer]-[2]: 4.215230464935303
[04/29 22:29:37 root INFO]: [0]-[caer]-[3]: 4.374074935913086
[04/29 22:29:37 root INFO]: [0]-[caer]-[4]: 4.014770984649658
[04/29 22:29:38 root INFO]: [0]-[caer]-[5]: 4.207470893859863
[04/30 01:30:25 root INFO]: Logger(None) initialized.
[04/30 01:30:28 root INFO]: Model created
[04/30 01:30:28 root INFO]: datasets are loaded
[04/30 01:30:28 root INFO]: Index of train set created, 9988 samples in total.
[04/30 01:30:28 root INFO]: Index of test set created, 2610 samples in total.
[04/30 01:30:28 root INFO]: config is copied
[04/30 01:30:28 root INFO]: Optimizer and scheduler are set up
[04/30 01:35:33 root INFO]: Logger(None) initialized.
[04/30 01:35:36 root INFO]: Model created
[04/30 01:35:36 root INFO]: datasets are loaded
[04/30 01:35:36 root INFO]: Index of train set created, 9988 samples in total.
[04/30 01:35:36 root INFO]: Index of test set created, 2610 samples in total.
[04/30 01:35:36 root INFO]: config is copied
[04/30 01:35:36 root INFO]: Optimizer and scheduler are set up
[04/30 01:36:14 root INFO]: Logger(None) initialized.
[04/30 01:36:18 root INFO]: Model created
[04/30 01:36:18 root INFO]: datasets are loaded
[04/30 01:36:18 root INFO]: Index of train set created, 9988 samples in total.
[04/30 01:36:18 root INFO]: Index of test set created, 2610 samples in total.
[04/30 01:36:18 root INFO]: config is copied
[04/30 01:36:18 root INFO]: Optimizer and scheduler are set up
[04/30 01:36:20 root INFO]: [0]-[caer]-[0]: 4.213871955871582
[04/30 01:36:21 root INFO]: [0]-[caer]-[1]: 4.502284526824951
[04/30 01:36:22 root INFO]: [0]-[caer]-[2]: 4.027344226837158
[04/30 01:36:22 root INFO]: [0]-[caer]-[3]: 4.137238025665283
[04/30 01:36:23 root INFO]: [0]-[caer]-[4]: 4.119749069213867
[04/30 01:36:24 root INFO]: [0]-[caer]-[5]: 4.269050598144531
[04/30 01:36:25 root INFO]: [0]-[caer]-[6]: 4.418269634246826
[04/30 01:36:25 root INFO]: [0]-[caer]-[7]: 4.250821113586426
[04/30 01:36:26 root INFO]: [0]-[caer]-[8]: 4.083402633666992
[04/30 01:36:27 root INFO]: [0]-[caer]-[9]: 4.35352087020874
[04/30 01:36:27 root INFO]: [0]-[caer]-[10]: 4.18487024307251
[04/30 01:36:28 root INFO]: [0]-[caer]-[11]: 4.246788024902344
[04/30 01:36:29 root INFO]: [0]-[caer]-[12]: 4.405932426452637
[04/30 01:36:29 root INFO]: [0]-[caer]-[13]: 4.131579875946045
[04/30 01:36:30 root INFO]: [0]-[caer]-[14]: 4.426385879516602
[04/30 01:36:31 root INFO]: [0]-[caer]-[15]: 4.242785930633545
[04/30 01:36:31 root INFO]: [0]-[caer]-[16]: 4.229928493499756
[04/30 01:36:32 root INFO]: [0]-[caer]-[17]: 4.369391441345215
[04/30 01:36:33 root INFO]: [0]-[caer]-[18]: 4.354877471923828
[04/30 01:36:34 root INFO]: [0]-[caer]-[19]: 4.399379730224609
[04/30 01:36:34 root INFO]: [0]-[caer]-[20]: 4.298970699310303
[04/30 01:36:35 root INFO]: [0]-[caer]-[21]: 4.068647384643555
[04/30 01:36:36 root INFO]: [0]-[caer]-[22]: 4.205031871795654
[04/30 01:36:36 root INFO]: [0]-[caer]-[23]: 4.398470878601074
[04/30 01:36:37 root INFO]: [0]-[caer]-[24]: 4.286664009094238
[04/30 01:36:38 root INFO]: [0]-[caer]-[25]: 4.462498664855957
[04/30 01:36:38 root INFO]: [0]-[caer]-[26]: 4.207798957824707
[04/30 01:36:39 root INFO]: [0]-[caer]-[27]: 4.3591413497924805
[04/30 01:36:40 root INFO]: [0]-[caer]-[28]: 4.104592800140381
[04/30 01:36:41 root INFO]: [0]-[caer]-[29]: 4.162542343139648
[04/30 01:36:41 root INFO]: [0]-[caer]-[30]: 4.401924133300781
[04/30 01:36:42 root INFO]: [0]-[caer]-[31]: 4.325854301452637
[04/30 01:36:43 root INFO]: [0]-[caer]-[32]: 4.650036334991455
[04/30 01:36:43 root INFO]: [0]-[caer]-[33]: 4.499727249145508
[04/30 01:36:44 root INFO]: [0]-[caer]-[34]: 4.0627875328063965
[04/30 01:36:45 root INFO]: [0]-[caer]-[35]: 4.3426103591918945
[04/30 01:36:45 root INFO]: [0]-[caer]-[36]: 4.060972690582275
[04/30 01:36:46 root INFO]: [0]-[caer]-[37]: 4.096344470977783
[04/30 01:36:47 root INFO]: [0]-[caer]-[38]: 4.466811180114746
[04/30 01:36:48 root INFO]: [0]-[caer]-[39]: 4.101124286651611
[04/30 01:36:48 root INFO]: [0]-[caer]-[40]: 4.097444534301758
[04/30 01:36:49 root INFO]: [0]-[caer]-[41]: 4.089861869812012
[04/30 01:36:50 root INFO]: [0]-[caer]-[42]: 4.231197357177734
[04/30 01:36:50 root INFO]: [0]-[caer]-[43]: 4.158400535583496
[04/30 01:36:51 root INFO]: [0]-[caer]-[44]: 4.29990816116333
[04/30 01:36:52 root INFO]: [0]-[caer]-[45]: 4.14748477935791
[04/30 01:36:52 root INFO]: [0]-[caer]-[46]: 4.328738689422607
[04/30 01:36:53 root INFO]: [0]-[caer]-[47]: 4.024271011352539
[04/30 01:36:54 root INFO]: [0]-[caer]-[48]: 4.314992904663086
[04/30 01:36:54 root INFO]: [0]-[caer]-[49]: 4.261949062347412
[04/30 01:36:55 root INFO]: [0]-[caer]-[50]: 4.127587795257568
[04/30 01:36:56 root INFO]: [0]-[caer]-[51]: 4.038996696472168
[04/30 01:36:57 root INFO]: [0]-[caer]-[52]: 4.410074234008789
[04/30 01:36:57 root INFO]: [0]-[caer]-[53]: 4.2750959396362305
[04/30 01:36:58 root INFO]: [0]-[caer]-[54]: 4.202887535095215
[04/30 01:36:59 root INFO]: [0]-[caer]-[55]: 4.422852516174316
[04/30 01:36:59 root INFO]: [0]-[caer]-[56]: 4.400976657867432
[04/30 01:37:00 root INFO]: [0]-[caer]-[57]: 4.078248500823975
[04/30 01:37:01 root INFO]: [0]-[caer]-[58]: 4.290914535522461
[04/30 01:37:01 root INFO]: [0]-[caer]-[59]: 4.6370744705200195
[04/30 01:37:02 root INFO]: [0]-[caer]-[60]: 4.040961742401123
[04/30 01:37:03 root INFO]: [0]-[caer]-[61]: 4.1450581550598145
[04/30 01:37:03 root INFO]: [0]-[caer]-[62]: 4.08342981338501
[04/30 01:37:04 root INFO]: [0]-[caer]-[63]: 4.209739685058594
[04/30 01:37:05 root INFO]: [0]-[caer]-[64]: 4.3969526290893555
[04/30 01:37:06 root INFO]: [0]-[caer]-[65]: 4.338936805725098
[04/30 01:37:06 root INFO]: [0]-[caer]-[66]: 4.422505855560303
[04/30 01:37:07 root INFO]: [0]-[caer]-[67]: 3.995668411254883
[04/30 01:37:08 root INFO]: [0]-[caer]-[68]: 4.168939590454102
[04/30 01:37:08 root INFO]: [0]-[caer]-[69]: 4.038072109222412
[04/30 01:37:09 root INFO]: [0]-[caer]-[70]: 4.099536418914795
[04/30 01:37:10 root INFO]: [0]-[caer]-[71]: 4.305947303771973
[04/30 01:37:11 root INFO]: [0]-[caer]-[72]: 4.13713264465332
[04/30 01:37:11 root INFO]: [0]-[caer]-[73]: 4.316567420959473
[04/30 01:37:12 root INFO]: [0]-[caer]-[74]: 4.547865867614746
[04/30 01:37:13 root INFO]: [0]-[caer]-[75]: 4.01957893371582
[04/30 01:37:13 root INFO]: [0]-[caer]-[76]: 4.13344669342041
[04/30 01:37:14 root INFO]: [0]-[caer]-[77]: 4.239743709564209
[04/30 01:37:15 root INFO]: [0]-[caer]-[78]: 4.040268421173096
[04/30 01:37:16 root INFO]: [0]-[caer]-[79]: 4.409416675567627
[04/30 01:37:16 root INFO]: [0]-[caer]-[80]: 4.250699043273926
[04/30 01:37:17 root INFO]: [0]-[caer]-[81]: 4.296949863433838
[04/30 01:37:18 root INFO]: [0]-[caer]-[82]: 4.165363311767578
[04/30 01:37:18 root INFO]: [0]-[caer]-[83]: 4.246984481811523
[04/30 01:37:19 root INFO]: [0]-[caer]-[84]: 4.188660144805908
[04/30 01:37:20 root INFO]: [0]-[caer]-[85]: 4.259456634521484
[04/30 01:37:21 root INFO]: [0]-[caer]-[86]: 4.227144718170166
[04/30 01:37:21 root INFO]: [0]-[caer]-[87]: 4.083083152770996
[04/30 01:37:22 root INFO]: [0]-[caer]-[88]: 4.1051411628723145
[04/30 01:37:23 root INFO]: [0]-[caer]-[89]: 4.191466331481934
[04/30 01:37:23 root INFO]: [0]-[caer]-[90]: 4.238439559936523
[04/30 01:37:24 root INFO]: [0]-[caer]-[91]: 4.33357048034668
[04/30 01:37:25 root INFO]: [0]-[caer]-[92]: 4.105380535125732
[04/30 01:37:26 root INFO]: [0]-[caer]-[93]: 4.227856636047363
[04/30 01:37:26 root INFO]: [0]-[caer]-[94]: 4.343966007232666
[04/30 01:37:27 root INFO]: [0]-[caer]-[95]: 4.021465301513672
[04/30 01:37:28 root INFO]: [0]-[caer]-[96]: 4.107028961181641
[04/30 01:37:28 root INFO]: [0]-[caer]-[97]: 4.311811447143555
[04/30 01:37:29 root INFO]: [0]-[caer]-[98]: 4.295156478881836
[04/30 01:37:30 root INFO]: [0]-[caer]-[99]: 4.121996879577637
[04/30 01:37:30 root INFO]: [0]-[caer]-[100]: 4.050511837005615
[04/30 01:37:31 root INFO]: [0]-[caer]-[101]: 4.105064392089844
[04/30 01:37:32 root INFO]: [0]-[caer]-[102]: 4.4144110679626465
[04/30 01:37:33 root INFO]: [0]-[caer]-[103]: 4.223728179931641
[04/30 01:37:33 root INFO]: [0]-[caer]-[104]: 4.870661735534668
[04/30 01:37:34 root INFO]: [0]-[caer]-[105]: 4.190743446350098
[04/30 01:37:35 root INFO]: [0]-[caer]-[106]: 4.255002021789551
[04/30 01:37:35 root INFO]: [0]-[caer]-[107]: 4.119437217712402
[04/30 01:37:36 root INFO]: [0]-[caer]-[108]: 4.059357643127441
[04/30 01:37:37 root INFO]: [0]-[caer]-[109]: 3.992276191711426
[04/30 01:37:38 root INFO]: [0]-[caer]-[110]: 4.4222917556762695
[04/30 01:37:38 root INFO]: [0]-[caer]-[111]: 4.450178146362305
[04/30 01:37:39 root INFO]: [0]-[caer]-[112]: 4.022595405578613
[04/30 01:37:40 root INFO]: [0]-[caer]-[113]: 4.2653093338012695
[04/30 01:37:40 root INFO]: [0]-[caer]-[114]: 4.096729755401611
[04/30 01:37:41 root INFO]: [0]-[caer]-[115]: 4.3579607009887695
